<?xml version="1.0" encoding="UTF-8"?>
<!-- Generated by org.testng.reporters.JUnitReportReporter -->
<testsuite skipped="0" hostname="AME-VWK-ESW02" name="searchTests.SearchTestCountryUS" tests="1" failures="0" timestamp="12 Nov 2018 13:54:35 GMT" time="45.754" errors="0">
  <testcase name="SearchBOM_US" time="45.754" classname="searchTests.SearchTestCountryUS"/>
</testsuite> <!-- searchTests.SearchTestCountryUS -->
